<?xml version="1.0" encoding="UTF-8"?>
<testsuite xmlns:xsi="http://www.w3.org/2001/XMLSchema-instance" xsi:noNamespaceSchemaLocation="https://maven.apache.org/surefire/maven-surefire-plugin/xsd/surefire-test-report.xsd" name="ru.netology.domain.MovieManagerTest" time="0.06" tests="5" errors="0" skipped="0" failures="0">
  <properties>
[...]
</properties>
  <testcase name="shouldGetMoviesForFlexFeed" classname="ru.netology.domain.MovieManagerTest" time="0.026"/>
  <testcase name="shouldAddToExisted" classname="ru.netology.domain.MovieManagerTest" time="0"/>
  <testcase name="shouldAddToEmpty" classname="ru.netology.domain.MovieManagerTest" time="0"/>
  <testcase name="shouldGetMoviesForFeed" classname="ru.netology.domain.MovieManagerTest" time="0"/>
  <testcase name="shouldGetEmpty" classname="ru.netology.domain.MovieManagerTest" time="0"/>
</testsuite>